Build started 9/2/2013 4:38:56 PM.
     1>Project "C:\Users\Wilkowski\GitCode\CritterGame\CritterGame\CritterGame.vcxproj" on node 2 (build target(s)).
     1>InitializeBuildStatus:
         Creating "Debug\CritterGame.unsuccessfulbuild" because "AlwaysCreate" was specified.
       ClCompile:
         All outputs are up-to-date.
         c:\Program Files (x86)\Microsoft Visual Studio 10.0\VC\bin\CL.exe /c /I"C:\Users\Wilkowski\Downloads\SFML-2.1\include" /ZI /nologo /W3 /WX- /Od /Oy- /D SFML_STATIC /D WIN32 /D _DEBUG /D _CONSOLE /D _UNICODE /D UNICODE /Gm /EHsc /RTC1 /MDd /GS /fp:precise /Zc:wchar_t /Zc:forScope /Yu"StdAfx.h" /Fp"Debug\CritterGame.pch" /Fo"Debug\\" /Fd"Debug\vc100.pdb" /Gd /TP /analyze- /errorReport:prompt main.cpp
         main.cpp
       ManifestResourceCompile:
         All outputs are up-to-date.
       Link:
         c:\Program Files (x86)\Microsoft Visual Studio 10.0\VC\bin\link.exe /ERRORREPORT:PROMPT /OUT:"C:\Users\Wilkowski\GitCode\CritterGame\Debug\CritterGame.exe" /INCREMENTAL /NOLOGO /LIBPATH:"C:\Users\Wilkowski\Downloads\SFML-2.1\lib" "sfml-graphics-s-d.lib" "sfml-window-s-d.lib" "sfml-system-s-d.lib" "sfml-audio-s-d.lib" kernel32.lib user32.lib gdi32.lib winspool.lib comdlg32.lib advapi32.lib shell32.lib ole32.lib oleaut32.lib uuid.lib odbc32.lib odbccp32.lib kernel32.lib user32.lib gdi32.lib winspool.lib comdlg32.lib advapi32.lib shell32.lib ole32.lib oleaut32.lib uuid.lib odbc32.lib odbccp32.lib /MANIFEST /ManifestFile:"Debug\CritterGame.exe.intermediate.manifest" /MANIFESTUAC:"level='asInvoker' uiAccess='false'" /DEBUG /PDB:"C:\Users\Wilkowski\GitCode\CritterGame\Debug\CritterGame.pdb" /SUBSYSTEM:CONSOLE /TLBID:1 /DYNAMICBASE /NXCOMPAT /IMPLIB:"C:\Users\Wilkowski\GitCode\CritterGame\Debug\CritterGame.lib" /MACHINE:X86 Debug\CritterGame.exe.embed.manifest.res
         Debug\CritterGame.obj
         Debug\GameBoard.obj
         Debug\main.obj
         Debug\stdafx.obj
       Manifest:
         C:\Program Files (x86)\Microsoft SDKs\Windows\v7.0A\bin\mt.exe /nologo /verbose /out:"Debug\CritterGame.exe.embed.manifest" /manifest Debug\CritterGame.exe.intermediate.manifest
         All outputs are up-to-date.
       LinkEmbedManifest:
         All outputs are up-to-date.
         CritterGame.vcxproj -> C:\Users\Wilkowski\GitCode\CritterGame\Debug\CritterGame.exe
       FinalizeBuildStatus:
         Deleting file "Debug\CritterGame.unsuccessfulbuild".
         Touching "Debug\CritterGame.lastbuildstate".
     1>Done Building Project "C:\Users\Wilkowski\GitCode\CritterGame\CritterGame\CritterGame.vcxproj" (build target(s)).

Build succeeded.

Time Elapsed 00:00:03.44
