Build started 8/28/2013 4:11:19 PM.
     1>Project "C:\Users\Wilkowski\GitCode\CritterGame\CritterGame\CritterGame.vcxproj" on node 2 (build target(s)).
     1>InitializeBuildStatus:
         Creating "Release\CritterGame.unsuccessfulbuild" because "AlwaysCreate" was specified.
       ClCompile:
         All outputs are up-to-date.
         c:\Program Files (x86)\Microsoft Visual Studio 10.0\VC\bin\CL.exe /c /I"C:\Users\Wilkowski\Downloads\SFML-2.1\include" /Zi /nologo /W3 /WX- /O2 /Oi /Oy- /GL /D SFML_STATIC /D WIN32 /D NDEBUG /D _CONSOLE /D _UNICODE /D UNICODE /Gm- /EHsc /MD /GS /Gy /fp:precise /Zc:wchar_t /Zc:forScope /Yu"StdAfx.h" /Fp"Release\CritterGame.pch" /Fo"Release\\" /Fd"Release\vc100.pdb" /Gd /TP /analyze- /errorReport:prompt main.cpp
         main.cpp
       Link:
         c:\Program Files (x86)\Microsoft Visual Studio 10.0\VC\bin\link.exe /ERRORREPORT:PROMPT /OUT:"C:\Users\Wilkowski\GitCode\CritterGame\Release\CritterGame.exe" /INCREMENTAL:NO /NOLOGO /LIBPATH:"C:\Users\Wilkowski\Downloads\SFML-2.1\lib" "sfml-graphics-s.lib" "sfml-window-s.lib" "sfml-system-s.lib" kernel32.lib user32.lib gdi32.lib winspool.lib comdlg32.lib advapi32.lib shell32.lib ole32.lib oleaut32.lib uuid.lib odbc32.lib odbccp32.lib kernel32.lib user32.lib gdi32.lib winspool.lib comdlg32.lib advapi32.lib shell32.lib ole32.lib oleaut32.lib uuid.lib odbc32.lib odbccp32.lib /MANIFEST /ManifestFile:"Release\CritterGame.exe.intermediate.manifest" /MANIFESTUAC:"level='asInvoker' uiAccess='false'" /DEBUG /PDB:"C:\Users\Wilkowski\GitCode\CritterGame\Release\CritterGame.pdb" /SUBSYSTEM:CONSOLE /OPT:REF /OPT:ICF /LTCG /TLBID:1 /DYNAMICBASE /NXCOMPAT /IMPLIB:"C:\Users\Wilkowski\GitCode\CritterGame\Release\CritterGame.lib" /MACHINE:X86 Release\CritterGame.obj
         Release\main.obj
         Release\stdafx.obj
     1>LINK : warning LNK4067: ambiguous entry point; selected 'mainCRTStartup'
         Generating code
         Finished generating code
         CritterGame.vcxproj -> C:\Users\Wilkowski\GitCode\CritterGame\Release\CritterGame.exe
       Manifest:
         C:\Program Files (x86)\Microsoft SDKs\Windows\v7.0A\bin\mt.exe /nologo /verbose /outputresource:"C:\Users\Wilkowski\GitCode\CritterGame\Release\CritterGame.exe;#1" /manifest Release\CritterGame.exe.intermediate.manifest
       FinalizeBuildStatus:
         Deleting file "Release\CritterGame.unsuccessfulbuild".
         Touching "Release\CritterGame.lastbuildstate".
     1>Done Building Project "C:\Users\Wilkowski\GitCode\CritterGame\CritterGame\CritterGame.vcxproj" (build target(s)).

Build succeeded.

Time Elapsed 00:00:06.35
